simpleDemo/build/outputs/logs/manifest-merger-release-report.txt
-- Merging decision tree log ---
manifest
ADDED from src\main\AndroidManifest.xml:2:1-104:12
INJECTED from src\main\AndroidManifest.xml:2:1-104:12
INJECTED from src\main\AndroidManifest.xml:2:1-104:12
INJECTED from src\main\AndroidManifest.xml:2:1-104:12
MERGED from [amap-libs-release.aar] AndroidManifest.xml:2:1-12:12
MERGED from [android-gif-drawable-release@1.2.17.aar] AndroidManifest.xml:2:1-10:12
MERGED from [geolocation-amap-release.aar] AndroidManifest.xml:2:1-11:12
MERGED from [lib.5plus.base-release.aar] AndroidManifest.xml:2:1-241:12
MERGED from [map-amap-release.aar] AndroidManifest.xml:2:1-9:12
MERGED from [msa_mdid_1.0.13.aar] AndroidManifest.xml:1:1-10:12
MERGED from [webview-x5-release.aar] AndroidManifest.xml:2:1-13:12
MERGED from [weex_amap-release.aar] AndroidManifest.xml:2:1-13:12
MERGED from [weex_webview-x5-release.aar] AndroidManifest.xml:2:1-13:12
MERGED from [com.android.support:support-v4:28.0.0] AndroidManifest.xml:17:1-22:12
MERGED from [com.android.support:appcompat-v7:28.0.0] AndroidManifest.xml:17:1-22:12
MERGED from [com.android.support:recyclerview-v7:28.0.0] AndroidManifest.xml:17:1-22:12
MERGED from [com.facebook.fresco:fresco:1.13.0] AndroidManifest.xml:2:1-9:12
MERGED from [com.facebook.fresco:animated-gif:1.13.0] AndroidManifest.xml:2:1-9:12
MERGED from [com.github.bumptech.glide:glide:4.9.0] AndroidManifest.xml:2:1-12:12
MERGED from [com.android.support:multidex:1.0.2] AndroidManifest.xml:17:1-22:12
MERGED from [com.android.support:support-media-compat:28.0.0] AndroidManifest.xml:17:1-22:12
MERGED from [com.android.support:support-fragment:28.0.0] AndroidManifest.xml:17:1-22:12
MERGED from [com.android.support:animated-vector-drawable:28.0.0] AndroidManifest.xml:17:1-22:12
MERGED from [com.android.support:support-core-ui:28.0.0] AndroidManifest.xml:17:1-22:12
MERGED from [com.android.support:support-core-utils:28.0.0] AndroidManifest.xml:17:1-22:12
MERGED from [com.android.support:support-vector-drawable:28.0.0] AndroidManifest.xml:17:1-22:12
MERGED from [com.android.support:loader:28.0.0] AndroidManifest.xml:17:1-22:12
MERGED from [com.android.support:viewpager:28.0.0] AndroidManifest.xml:17:1-22:12
MERGED from [com.android.support:coordinatorlayout:28.0.0] AndroidManifest.xml:17:1-22:12
MERGED from [com.android.support:drawerlayout:28.0.0] AndroidManifest.xml:17:1-22:12
MERGED from [com.android.support:slidingpanelayout:28.0.0] AndroidManifest.xml:17:1-22:12
MERGED from [com.android.support:customview:28.0.0] AndroidManifest.xml:17:1-22:12
MERGED from [com.android.support:swiperefreshlayout:28.0.0] AndroidManifest.xml:17:1-22:12
MERGED from [com.android.support:asynclayoutinflater:28.0.0] AndroidManifest.xml:17:1-22:12
MERGED from [com.android.support:support-compat:28.0.0] AndroidManifest.xml:17:1-24:12
MERGED from [com.android.support:versionedparcelable:28.0.0] AndroidManifest.xml:17:1-25:12
MERGED from [com.android.support:cursoradapter:28.0.0] AndroidManifest.xml:17:1-22:12
MERGED from [com.github.bumptech.glide:gifdecoder:4.9.0] AndroidManifest.xml:2:1-11:12
MERGED from [android.arch.lifecycle:runtime:1.1.1] AndroidManifest.xml:17:1-22:12
MERGED from [com.android.support:documentfile:28.0.0] AndroidManifest.xml:17:1-22:12
MERGED from [com.android.support:localbroadcastmanager:28.0.0] AndroidManifest.xml:17:1-22:12
MERGED from [com.android.support:print:28.0.0] AndroidManifest.xml:17:1-22:12
MERGED from [com.android.support:interpolator:28.0.0] AndroidManifest.xml:17:1-22:12
MERGED from [android.arch.lifecycle:viewmodel:1.1.1] AndroidManifest.xml:17:1-22:12
MERGED from [android.arch.lifecycle:livedata:1.1.1] AndroidManifest.xml:17:1-22:12
MERGED from [android.arch.lifecycle:livedata-core:1.1.1] AndroidManifest.xml:17:1-22:12
MERGED from [android.arch.core:runtime:1.1.1] AndroidManifest.xml:17:1-22:12
MERGED from [com.facebook.fresco:animated-base:1.13.0] AndroidManifest.xml:2:1-9:12
MERGED from [com.facebook.fresco:animated-drawable:1.13.0] AndroidManifest.xml:2:1-9:12
MERGED from [com.facebook.fresco:drawee:1.13.0] AndroidManifest.xml:2:1-9:12
MERGED from [com.facebook.fresco:nativeimagefilters:1.13.0] AndroidManifest.xml:2:1-9:12
MERGED from [com.facebook.fresco:imagepipeline:1.13.0] AndroidManifest.xml:2:1-9:12
MERGED from [com.facebook.fresco:nativeimagetranscoder:1.13.0] AndroidManifest.xml:2:1-9:12
MERGED from [com.facebook.fresco:imagepipeline-base:1.13.0] AndroidManifest.xml:2:1-9:12
MERGED from [com.facebook.fresco:fbcore:1.13.0] AndroidManifest.xml:2:1-9:12
MERGED from [com.facebook.soloader:soloader:0.6.0] AndroidManifest.xml:2:1-13:12
INJECTED from src\main\AndroidManifest.xml:2:1-104:12
INJECTED from src\main\AndroidManifest.xml:2:1-104:12
INJECTED from src\main\AndroidManifest.xml:2:1-104:12
	package
		ADDED from src\main\AndroidManifest.xml:3:5-26
		INJECTED from src\main\AndroidManifest.xml
		INJECTED from src\main\AndroidManifest.xml
	android:versionName
		INJECTED from src\main\AndroidManifest.xml
		ADDED from src\main\AndroidManifest.xml:2:1-104:12
		INJECTED from src\main\AndroidManifest.xml
	android:versionCode
		INJECTED from src\main\AndroidManifest.xml
		ADDED from src\main\AndroidManifest.xml:2:1-104:12
		INJECTED from src\main\AndroidManifest.xml
	xmlns:android
		ADDED from src\main\AndroidManifest.xml:2:11-69
uses-permission#android.permission.ACCESS_NETWORK_STATE
ADDED from src\main\AndroidManifest.xml:6:5-79
MERGED from [lib.5plus.base-release.aar] AndroidManifest.xml:18:5-79
MERGED from [lib.5plus.base-release.aar] AndroidManifest.xml:18:5-79
MERGED from [msa_mdid_1.0.13.aar] AndroidManifest.xml:4:5-79
MERGED from [msa_mdid_1.0.13.aar] AndroidManifest.xml:4:5-79
	android:name
		ADDED from src\main\AndroidManifest.xml:6:22-76
uses-permission#android.permission.ACCESS_WIFI_STATE
ADDED from src\main\AndroidManifest.xml:8:5-76
	android:name
		ADDED from src\main\AndroidManifest.xml:8:22-73
uses-permission#android.permission.CHANGE_WIFI_STATE
ADDED from src\main\AndroidManifest.xml:10:5-76
	android:name
		ADDED from src\main\AndroidManifest.xml:10:22-73
uses-permission#android.permission.INTERNET
ADDED from src\main\AndroidManifest.xml:12:5-67
MERGED from [lib.5plus.base-release.aar] AndroidManifest.xml:17:5-67
MERGED from [lib.5plus.base-release.aar] AndroidManifest.xml:17:5-67
MERGED from [msa_mdid_1.0.13.aar] AndroidManifest.xml:6:5-67
MERGED from [msa_mdid_1.0.13.aar] AndroidManifest.xml:6:5-67
	android:name
		ADDED from src\main\AndroidManifest.xml:12:22-64
uses-permission#android.permission.WAKE_LOCK
ADDED from src\main\AndroidManifest.xml:14:5-68
	android:name
		ADDED from src\main\AndroidManifest.xml:14:22-65
uses-permission#android.permission.ACCESS_COARSE_LOCATION
ADDED from src\main\AndroidManifest.xml:17:5-81
	android:name
		ADDED from src\main\AndroidManifest.xml:17:22-78
uses-permission#android.permission.ACCESS_FINE_LOCATION
ADDED from src\main\AndroidManifest.xml:19:5-79
	android:name
		ADDED from src\main\AndroidManifest.xml:19:22-76
uses-permission#android.permission.ACCESS_LOCATION_EXTRA_COMMANDS
ADDED from src\main\AndroidManifest.xml:21:5-89
	android:name
		ADDED from src\main\AndroidManifest.xml:21:22-86
uses-permission#android.permission.WRITE_EXTERNAL_STORAGE
ADDED from src\main\AndroidManifest.xml:23:5-81
MERGED from [lib.5plus.base-release.aar] AndroidManifest.xml:16:5-81
MERGED from [lib.5plus.base-release.aar] AndroidManifest.xml:16:5-81
	android:name
		ADDED from src\main\AndroidManifest.xml:23:22-78
uses-permission#android.permission.READ_EXTERNAL_STORAGE
ADDED from src\main\AndroidManifest.xml:25:5-80
	android:name
		ADDED from src\main\AndroidManifest.xml:25:22-77
uses-permission#android.permission.READ_PHONE_STATE
ADDED from src\main\AndroidManifest.xml:27:5-75
MERGED from [msa_mdid_1.0.13.aar] AndroidManifest.xml:5:5-75
MERGED from [msa_mdid_1.0.13.aar] AndroidManifest.xml:5:5-75
	android:name
		ADDED from src\main\AndroidManifest.xml:27:22-72
uses-permission#android.permission.BLUETOOTH_ADMIN
ADDED from src\main\AndroidManifest.xml:30:5-74
	android:name
		ADDED from src\main\AndroidManifest.xml:30:22-71
uses-permission#android.permission.BLUETOOTH
ADDED from src\main\AndroidManifest.xml:32:5-68
	android:name
		ADDED from src\main\AndroidManifest.xml:32:22-65
uses-permission#android.permission.RECEIVE_BOOT_COMPLETED
ADDED from src\main\AndroidManifest.xml:34:5-80
	android:name
		ADDED from src\main\AndroidManifest.xml:34:22-78
uses-permission#android.permission.FOREGROUND_SERVICE
ADDED from src\main\AndroidManifest.xml:36:5-76
	android:name
		ADDED from src\main\AndroidManifest.xml:36:22-74
uses-permission#com.google.android.apps.photos.permission.GOOGLE_PHOTOS
ADDED from src\main\AndroidManifest.xml:37:5-94
	android:name
		ADDED from src\main\AndroidManifest.xml:37:22-92
application
ADDED from src\main\AndroidManifest.xml:39:5-102:19
MERGED from [amap-libs-release.aar] AndroidManifest.xml:9:5-10:19
MERGED from [amap-libs-release.aar] AndroidManifest.xml:9:5-10:19
MERGED from [geolocation-amap-release.aar] AndroidManifest.xml:9:5-20
MERGED from [geolocation-amap-release.aar] AndroidManifest.xml:9:5-20
MERGED from [lib.5plus.base-release.aar] AndroidManifest.xml:156:5-239:19
MERGED from [lib.5plus.base-release.aar] AndroidManifest.xml:156:5-239:19
MERGED from [webview-x5-release.aar] AndroidManifest.xml:7:5-11:19
MERGED from [webview-x5-release.aar] AndroidManifest.xml:7:5-11:19
MERGED from [weex_amap-release.aar] AndroidManifest.xml:11:5-20
MERGED from [weex_amap-release.aar] AndroidManifest.xml:11:5-20
MERGED from [weex_webview-x5-release.aar] AndroidManifest.xml:7:5-11:19
MERGED from [weex_webview-x5-release.aar] AndroidManifest.xml:7:5-11:19
MERGED from [com.github.bumptech.glide:glide:4.9.0] AndroidManifest.xml:10:5-20
MERGED from [com.github.bumptech.glide:glide:4.9.0] AndroidManifest.xml:10:5-20
MERGED from [com.android.support:support-compat:28.0.0] AndroidManifest.xml:22:5-94
MERGED from [com.android.support:support-compat:28.0.0] AndroidManifest.xml:22:5-94
MERGED from [com.android.support:versionedparcelable:28.0.0] AndroidManifest.xml:22:5-23:19
MERGED from [com.android.support:versionedparcelable:28.0.0] AndroidManifest.xml:22:5-23:19
MERGED from [com.github.bumptech.glide:gifdecoder:4.9.0] AndroidManifest.xml:9:5-20
MERGED from [com.github.bumptech.glide:gifdecoder:4.9.0] AndroidManifest.xml:9:5-20
MERGED from [com.facebook.soloader:soloader:0.6.0] AndroidManifest.xml:11:5-20
MERGED from [com.facebook.soloader:soloader:0.6.0] AndroidManifest.xml:11:5-20
	android:appComponentFactory
		ADDED from [com.android.support:support-compat:28.0.0] AndroidManifest.xml:22:18-91
	android:supportsRtl
		ADDED from src\main\AndroidManifest.xml:47:9-35
	android:label
		ADDED from src\main\AndroidManifest.xml:45:9-41
	android:allowClearUserData
		ADDED from src\main\AndroidManifest.xml:43:9-42
	android:largeHeap
		ADDED from src\main\AndroidManifest.xml:46:9-33
	android:icon
		ADDED from src\main\AndroidManifest.xml:44:9-38
	android:allowBackup
		ADDED from src\main\AndroidManifest.xml:42:9-35
	android:networkSecurityConfig
		ADDED from src\main\AndroidManifest.xml:41:9-69
	android:usesCleartextTraffic
		ADDED from [lib.5plus.base-release.aar] AndroidManifest.xml:159:9-44
	android:name
		ADDED from src\main\AndroidManifest.xml:40:9-63
activity#io.dcloud.PandoraEntry
ADDED from src\main\AndroidManifest.xml:49:9-63:20
	android:screenOrientation
		ADDED from src\main\AndroidManifest.xml:56:13-45
	android:label
		ADDED from src\main\AndroidManifest.xml:52:13-45
	android:launchMode
		ADDED from src\main\AndroidManifest.xml:53:13-44
	android:hardwareAccelerated
		ADDED from src\main\AndroidManifest.xml:54:13-47
	android:windowSoftInputMode
		ADDED from src\main\AndroidManifest.xml:57:13-55
	android:configChanges
		ADDED from src\main\AndroidManifest.xml:51:13-83
	android:theme
		ADDED from src\main\AndroidManifest.xml:55:13-52
	android:networkSecurityConfig
		ADDED from src\main\AndroidManifest.xml:58:13-73
	android:name
		ADDED from src\main\AndroidManifest.xml:50:13-50
intent-filter#action:name:android.intent.action.MAIN+category:name:android.intent.category.LAUNCHER
ADDED from src\main\AndroidManifest.xml:59:13-62:29
action#android.intent.action.MAIN
ADDED from src\main\AndroidManifest.xml:60:17-69
	android:name
		ADDED from src\main\AndroidManifest.xml:60:25-66
category#android.intent.category.LAUNCHER
ADDED from src\main\AndroidManifest.xml:61:17-77
	android:name
		ADDED from src\main\AndroidManifest.xml:61:27-74
activity#houtai.maps.StartTwo
ADDED from src\main\AndroidManifest.xml:65:9-67:76
	android:networkSecurityConfig
		ADDED from src\main\AndroidManifest.xml:67:13-73
	android:name
		ADDED from src\main\AndroidManifest.xml:66:13-37
activity#io.dcloud.PandoraEntryActivity
ADDED from src\main\AndroidManifest.xml:69:9-85:20
	android:screenOrientation
		ADDED from src\main\AndroidManifest.xml:76:13-45
	android:launchMode
		ADDED from src\main\AndroidManifest.xml:72:13-44
	android:hardwareAccelerated
		ADDED from src\main\AndroidManifest.xml:74:13-47
	android:windowSoftInputMode
		ADDED from src\main\AndroidManifest.xml:78:13-55
	android:permission
		ADDED from src\main\AndroidManifest.xml:75:13-89
	android:configChanges
		ADDED from src\main\AndroidManifest.xml:73:13-101
	android:theme
		ADDED from src\main\AndroidManifest.xml:77:13-47
	android:networkSecurityConfig
		ADDED from src\main\AndroidManifest.xml:71:13-73
	android:name
		ADDED from src\main\AndroidManifest.xml:70:13-58
intent-filter#action:name:android.intent.action.VIEW+category:name:android.intent.category.BROWSABLE+category:name:android.intent.category.DEFAULT+data:scheme:h551affc9
ADDED from src\main\AndroidManifest.xml:79:13-84:29
category#android.intent.category.DEFAULT
ADDED from src\main\AndroidManifest.xml:80:17-76
	android:name
		ADDED from src\main\AndroidManifest.xml:80:27-73
category#android.intent.category.BROWSABLE
ADDED from src\main\AndroidManifest.xml:81:17-78
	android:name
		ADDED from src\main\AndroidManifest.xml:81:27-75
action#android.intent.action.VIEW
ADDED from src\main\AndroidManifest.xml:82:17-69
	android:name
		ADDED from src\main\AndroidManifest.xml:82:25-66
data
ADDED from src\main\AndroidManifest.xml:83:17-52
	android:scheme
		ADDED from src\main\AndroidManifest.xml:83:23-49
meta-data#com.amap.api.v2.apikey
ADDED from src\main\AndroidManifest.xml:90:9-94:15
	android:networkSecurityConfig
		ADDED from src\main\AndroidManifest.xml:93:13-73
	android:value
		ADDED from src\main\AndroidManifest.xml:92:13-61
	android:name
		ADDED from src\main\AndroidManifest.xml:91:13-50
service#com.amap.api.location.APSService
ADDED from src\main\AndroidManifest.xml:96:9-99:11
	android:networkSecurityConfig
		ADDED from src\main\AndroidManifest.xml:98:9-69
	android:name
		ADDED from src\main\AndroidManifest.xml:97:9-56
uses-sdk
INJECTED from src\main\AndroidManifest.xml reason: use-sdk injection requested
INJECTED from src\main\AndroidManifest.xml
INJECTED from src\main\AndroidManifest.xml
MERGED from [amap-libs-release.aar] AndroidManifest.xml:7:5-44
MERGED from [amap-libs-release.aar] AndroidManifest.xml:7:5-44
MERGED from [android-gif-drawable-release@1.2.17.aar] AndroidManifest.xml:6:5-8:41
MERGED from [android-gif-drawable-release@1.2.17.aar] AndroidManifest.xml:6:5-8:41
MERGED from [geolocation-amap-release.aar] AndroidManifest.xml:7:5-44
MERGED from [geolocation-amap-release.aar] AndroidManifest.xml:7:5-44
MERGED from [lib.5plus.base-release.aar] AndroidManifest.xml:7:5-44
MERGED from [lib.5plus.base-release.aar] AndroidManifest.xml:7:5-44
MERGED from [map-amap-release.aar] AndroidManifest.xml:7:5-44
MERGED from [map-amap-release.aar] AndroidManifest.xml:7:5-44
MERGED from [weex_amap-release.aar] AndroidManifest.xml:7:5-9:41
MERGED from [weex_amap-release.aar] AndroidManifest.xml:7:5-9:41
MERGED from [com.android.support:support-v4:28.0.0] AndroidManifest.xml:20:5-44
MERGED from [com.android.support:support-v4:28.0.0] AndroidManifest.xml:20:5-44
MERGED from [com.android.support:appcompat-v7:28.0.0] AndroidManifest.xml:20:5-44
MERGED from [com.android.support:appcompat-v7:28.0.0] AndroidManifest.xml:20:5-44
MERGED from [com.android.support:recyclerview-v7:28.0.0] AndroidManifest.xml:20:5-44
MERGED from [com.android.support:recyclerview-v7:28.0.0] AndroidManifest.xml:20:5-44
MERGED from [com.facebook.fresco:fresco:1.13.0] AndroidManifest.xml:5:5-7:41
MERGED from [com.facebook.fresco:fresco:1.13.0] AndroidManifest.xml:5:5-7:41
MERGED from [com.facebook.fresco:animated-gif:1.13.0] AndroidManifest.xml:5:5-7:41
MERGED from [com.facebook.fresco:animated-gif:1.13.0] AndroidManifest.xml:5:5-7:41
MERGED from [com.github.bumptech.glide:glide:4.9.0] AndroidManifest.xml:6:5-8:41
MERGED from [com.github.bumptech.glide:glide:4.9.0] AndroidManifest.xml:6:5-8:41
MERGED from [com.android.support:multidex:1.0.2] AndroidManifest.xml:20:5-43
MERGED from [com.android.support:multidex:1.0.2] AndroidManifest.xml:20:5-43
MERGED from [com.android.support:support-media-compat:28.0.0] AndroidManifest.xml:20:5-44
MERGED from [com.android.support:support-media-compat:28.0.0] AndroidManifest.xml:20:5-44
MERGED from [com.android.support:support-fragment:28.0.0] AndroidManifest.xml:20:5-44
MERGED from [com.android.support:support-fragment:28.0.0] AndroidManifest.xml:20:5-44
MERGED from [com.android.support:animated-vector-drawable:28.0.0] AndroidManifest.xml:20:5-44
MERGED from [com.android.support:animated-vector-drawable:28.0.0] AndroidManifest.xml:20:5-44
MERGED from [com.android.support:support-core-ui:28.0.0] AndroidManifest.xml:20:5-44
MERGED from [com.android.support:support-core-ui:28.0.0] AndroidManifest.xml:20:5-44
MERGED from [com.android.support:support-core-utils:28.0.0] AndroidManifest.xml:20:5-44
MERGED from [com.android.support:support-core-utils:28.0.0] AndroidManifest.xml:20:5-44
MERGED from [com.android.support:support-vector-drawable:28.0.0] AndroidManifest.xml:20:5-44
MERGED from [com.android.support:support-vector-drawable:28.0.0] AndroidManifest.xml:20:5-44
MERGED from [com.android.support:loader:28.0.0] AndroidManifest.xml:20:5-44
MERGED from [com.android.support:loader:28.0.0] AndroidManifest.xml:20:5-44
MERGED from [com.android.support:viewpager:28.0.0] AndroidManifest.xml:20:5-44
MERGED from [com.android.support:viewpager:28.0.0] AndroidManifest.xml:20:5-44
MERGED from [com.android.support:coordinatorlayout:28.0.0] AndroidManifest.xml:20:5-44
MERGED from [com.android.support:coordinatorlayout:28.0.0] AndroidManifest.xml:20:5-44
MERGED from [com.android.support:drawerlayout:28.0.0] AndroidManifest.xml:20:5-44
MERGED from [com.android.support:drawerlayout:28.0.0] AndroidManifest.xml:20:5-44
MERGED from [com.android.support:slidingpanelayout:28.0.0] AndroidManifest.xml:20:5-44
MERGED from [com.android.support:slidingpanelayout:28.0.0] AndroidManifest.xml:20:5-44
MERGED from [com.android.support:customview:28.0.0] AndroidManifest.xml:20:5-44
MERGED from [com.android.support:customview:28.0.0] AndroidManifest.xml:20:5-44
MERGED from [com.android.support:swiperefreshlayout:28.0.0] AndroidManifest.xml:20:5-44
MERGED from [com.android.support:swiperefreshlayout:28.0.0] AndroidManifest.xml:20:5-44
MERGED from [com.android.support:asynclayoutinflater:28.0.0] AndroidManifest.xml:20:5-44
MERGED from [com.android.support:asynclayoutinflater:28.0.0] AndroidManifest.xml:20:5-44
MERGED from [com.android.support:support-compat:28.0.0] AndroidManifest.xml:20:5-44
MERGED from [com.android.support:support-compat:28.0.0] AndroidManifest.xml:20:5-44
MERGED from [com.android.support:versionedparcelable:28.0.0] AndroidManifest.xml:20:5-44
MERGED from [com.android.support:versionedparcelable:28.0.0] AndroidManifest.xml:20:5-44
MERGED from [com.android.support:cursoradapter:28.0.0] AndroidManifest.xml:20:5-44
MERGED from [com.android.support:cursoradapter:28.0.0] AndroidManifest.xml:20:5-44
MERGED from [com.github.bumptech.glide:gifdecoder:4.9.0] AndroidManifest.xml:5:5-7:41
MERGED from [com.github.bumptech.glide:gifdecoder:4.9.0] AndroidManifest.xml:5:5-7:41
MERGED from [android.arch.lifecycle:runtime:1.1.1] AndroidManifest.xml:20:5-44
MERGED from [android.arch.lifecycle:runtime:1.1.1] AndroidManifest.xml:20:5-44
MERGED from [com.android.support:documentfile:28.0.0] AndroidManifest.xml:20:5-44
MERGED from [com.android.support:documentfile:28.0.0] AndroidManifest.xml:20:5-44
MERGED from [com.android.support:localbroadcastmanager:28.0.0] AndroidManifest.xml:20:5-44
MERGED from [com.android.support:localbroadcastmanager:28.0.0] AndroidManifest.xml:20:5-44
MERGED from [com.android.support:print:28.0.0] AndroidManifest.xml:20:5-44
MERGED from [com.android.support:print:28.0.0] AndroidManifest.xml:20:5-44
MERGED from [com.android.support:interpolator:28.0.0] AndroidManifest.xml:20:5-44
MERGED from [com.android.support:interpolator:28.0.0] AndroidManifest.xml:20:5-44
MERGED from [android.arch.lifecycle:viewmodel:1.1.1] AndroidManifest.xml:20:5-44
MERGED from [android.arch.lifecycle:viewmodel:1.1.1] AndroidManifest.xml:20:5-44
MERGED from [android.arch.lifecycle:livedata:1.1.1] AndroidManifest.xml:20:5-44
MERGED from [android.arch.lifecycle:livedata:1.1.1] AndroidManifest.xml:20:5-44
MERGED from [android.arch.lifecycle:livedata-core:1.1.1] AndroidManifest.xml:20:5-44
MERGED from [android.arch.lifecycle:livedata-core:1.1.1] AndroidManifest.xml:20:5-44
MERGED from [android.arch.core:runtime:1.1.1] AndroidManifest.xml:20:5-44
MERGED from [android.arch.core:runtime:1.1.1] AndroidManifest.xml:20:5-44
MERGED from [com.facebook.fresco:animated-base:1.13.0] AndroidManifest.xml:5:5-7:41
MERGED from [com.facebook.fresco:animated-base:1.13.0] AndroidManifest.xml:5:5-7:41
MERGED from [com.facebook.fresco:animated-drawable:1.13.0] AndroidManifest.xml:5:5-7:41
MERGED from [com.facebook.fresco:animated-drawable:1.13.0] AndroidManifest.xml:5:5-7:41
MERGED from [com.facebook.fresco:drawee:1.13.0] AndroidManifest.xml:5:5-7:41
MERGED from [com.facebook.fresco:drawee:1.13.0] AndroidManifest.xml:5:5-7:41
MERGED from [com.facebook.fresco:nativeimagefilters:1.13.0] AndroidManifest.xml:5:5-7:41
MERGED from [com.facebook.fresco:nativeimagefilters:1.13.0] AndroidManifest.xml:5:5-7:41
MERGED from [com.facebook.fresco:imagepipeline:1.13.0] AndroidManifest.xml:5:5-7:41
MERGED from [com.facebook.fresco:imagepipeline:1.13.0] AndroidManifest.xml:5:5-7:41
MERGED from [com.facebook.fresco:nativeimagetranscoder:1.13.0] AndroidManifest.xml:5:5-7:41
MERGED from [com.facebook.fresco:nativeimagetranscoder:1.13.0] AndroidManifest.xml:5:5-7:41
MERGED from [com.facebook.fresco:imagepipeline-base:1.13.0] AndroidManifest.xml:5:5-7:41
MERGED from [com.facebook.fresco:imagepipeline-base:1.13.0] AndroidManifest.xml:5:5-7:41
MERGED from [com.facebook.fresco:fbcore:1.13.0] AndroidManifest.xml:5:5-7:41
MERGED from [com.facebook.fresco:fbcore:1.13.0] AndroidManifest.xml:5:5-7:41
MERGED from [com.facebook.soloader:soloader:0.6.0] AndroidManifest.xml:7:5-9:41
MERGED from [com.facebook.soloader:soloader:0.6.0] AndroidManifest.xml:7:5-9:41
INJECTED from src\main\AndroidManifest.xml
INJECTED from src\main\AndroidManifest.xml
	android:targetSdkVersion
		INJECTED from src\main\AndroidManifest.xml
		ADDED from src\main\AndroidManifest.xml
		INJECTED from src\main\AndroidManifest.xml
	android:minSdkVersion
		INJECTED from src\main\AndroidManifest.xml
		ADDED from src\main\AndroidManifest.xml
		INJECTED from src\main\AndroidManifest.xml
supports-screens
ADDED from [lib.5plus.base-release.aar] AndroidManifest.xml:9:5-14:39
	android:largeScreens
		ADDED from [lib.5plus.base-release.aar] AndroidManifest.xml:11:9-36
	android:smallScreens
		ADDED from [lib.5plus.base-release.aar] AndroidManifest.xml:14:9-36
	android:normalScreens
		ADDED from [lib.5plus.base-release.aar] AndroidManifest.xml:12:9-37
	android:resizeable
		ADDED from [lib.5plus.base-release.aar] AndroidManifest.xml:13:9-34
	android:anyDensity
		ADDED from [lib.5plus.base-release.aar] AndroidManifest.xml:10:9-34
uses-permission#com.huawei.android.launcher.permission.CHANGE_BADGE
ADDED from [lib.5plus.base-release.aar] AndroidManifest.xml:24:5-91
	android:name
		ADDED from [lib.5plus.base-release.aar] AndroidManifest.xml:24:22-88
service#io.dcloud.common.adapter.io.MiniServerService
ADDED from [lib.5plus.base-release.aar] AndroidManifest.xml:160:9-162:40
	android:exported
		ADDED from [lib.5plus.base-release.aar] AndroidManifest.xml:162:13-37
	android:name
		ADDED from [lib.5plus.base-release.aar] AndroidManifest.xml:161:13-73
receiver#io.dcloud.common.adapter.io.PushReceiver
ADDED from [lib.5plus.base-release.aar] AndroidManifest.xml:164:9-170:20
	android:exported
		ADDED from [lib.5plus.base-release.aar] AndroidManifest.xml:166:13-37
	android:name
		ADDED from [lib.5plus.base-release.aar] AndroidManifest.xml:165:13-68
intent-filter#action:name:dcloud.push.broswer
ADDED from [lib.5plus.base-release.aar] AndroidManifest.xml:167:13-169:29
action#dcloud.push.broswer
ADDED from [lib.5plus.base-release.aar] AndroidManifest.xml:168:17-62
	android:name
		ADDED from [lib.5plus.base-release.aar] AndroidManifest.xml:168:25-59
activity#io.dcloud.imagepick.CustomGalleryActivity
ADDED from [lib.5plus.base-release.aar] AndroidManifest.xml:172:9-175:40
	android:noHistory
		ADDED from [lib.5plus.base-release.aar] AndroidManifest.xml:175:13-37
	android:exported
		ADDED from [lib.5plus.base-release.aar] AndroidManifest.xml:174:13-37
	android:name
		ADDED from [lib.5plus.base-release.aar] AndroidManifest.xml:173:13-69
activity#io.dcloud.feature.nativeObj.photoview.PhotoActivity
ADDED from [lib.5plus.base-release.aar] AndroidManifest.xml:176:9-180:58
	android:noHistory
		ADDED from [lib.5plus.base-release.aar] AndroidManifest.xml:179:13-38
	android:exported
		ADDED from [lib.5plus.base-release.aar] AndroidManifest.xml:178:13-37
	android:theme
		ADDED from [lib.5plus.base-release.aar] AndroidManifest.xml:180:13-55
	android:name
		ADDED from [lib.5plus.base-release.aar] AndroidManifest.xml:177:13-79
activity#io.dcloud.WebAppActivity
ADDED from [lib.5plus.base-release.aar] AndroidManifest.xml:181:9-191:58
	android:screenOrientation
		ADDED from [lib.5plus.base-release.aar] AndroidManifest.xml:188:13-49
	android:label
		ADDED from [lib.5plus.base-release.aar] AndroidManifest.xml:186:13-46
	android:launchMode
		ADDED from [lib.5plus.base-release.aar] AndroidManifest.xml:187:13-44
	android:hardwareAccelerated
		ADDED from [lib.5plus.base-release.aar] AndroidManifest.xml:184:13-47
	android:windowSoftInputMode
		ADDED from [lib.5plus.base-release.aar] AndroidManifest.xml:191:13-55
	android:configChanges
		ADDED from [lib.5plus.base-release.aar] AndroidManifest.xml:183:13-92
	android:icon
		ADDED from [lib.5plus.base-release.aar] AndroidManifest.xml:185:13-51
	android:theme
		ADDED from [lib.5plus.base-release.aar] AndroidManifest.xml:190:13-47
	android:taskAffinity
		ADDED from [lib.5plus.base-release.aar] AndroidManifest.xml:189:13-43
	android:name
		ADDED from [lib.5plus.base-release.aar] AndroidManifest.xml:182:13-52
activity#io.dcloud.ProcessMediator
ADDED from [lib.5plus.base-release.aar] AndroidManifest.xml:192:9-198:75
	android:label
		ADDED from [lib.5plus.base-release.aar] AndroidManifest.xml:196:13-45
	android:excludeFromRecents
		ADDED from [lib.5plus.base-release.aar] AndroidManifest.xml:194:13-46
	android:launchMode
		ADDED from [lib.5plus.base-release.aar] AndroidManifest.xml:197:13-43
	android:exported
		ADDED from [lib.5plus.base-release.aar] AndroidManifest.xml:195:13-37
	android:theme
		ADDED from [lib.5plus.base-release.aar] AndroidManifest.xml:198:13-72
	android:name
		ADDED from [lib.5plus.base-release.aar] AndroidManifest.xml:193:13-53
activity#io.dcloud.WebviewActivity
ADDED from [lib.5plus.base-release.aar] AndroidManifest.xml:199:9-205:20
	android:screenOrientation
		ADDED from [lib.5plus.base-release.aar] AndroidManifest.xml:202:13-49
	android:windowSoftInputMode
		ADDED from [lib.5plus.base-release.aar] AndroidManifest.xml:204:13-52
	android:exported
		ADDED from [lib.5plus.base-release.aar] AndroidManifest.xml:201:13-37
	android:theme
		ADDED from [lib.5plus.base-release.aar] AndroidManifest.xml:203:13-51
	android:name
		ADDED from [lib.5plus.base-release.aar] AndroidManifest.xml:200:13-53
receiver#io.dcloud.common.adapter.io.DownloadReceiver
ADDED from [lib.5plus.base-release.aar] AndroidManifest.xml:207:9-218:20
	android:exported
		ADDED from [lib.5plus.base-release.aar] AndroidManifest.xml:209:13-37
	android:name
		ADDED from [lib.5plus.base-release.aar] AndroidManifest.xml:208:13-72
intent-filter#action:name:android.intent.action.DOWNLOAD_COMPLETE
ADDED from [lib.5plus.base-release.aar] AndroidManifest.xml:210:13-212:29
action#android.intent.action.DOWNLOAD_COMPLETE
ADDED from [lib.5plus.base-release.aar] AndroidManifest.xml:211:17-82
	android:name
		ADDED from [lib.5plus.base-release.aar] AndroidManifest.xml:211:25-79
intent-filter#action:name:android.intent.action.PACKAGE_ADDED+data:scheme:package
ADDED from [lib.5plus.base-release.aar] AndroidManifest.xml:213:13-217:29
action#android.intent.action.PACKAGE_ADDED
ADDED from [lib.5plus.base-release.aar] AndroidManifest.xml:214:17-78
	android:name
		ADDED from [lib.5plus.base-release.aar] AndroidManifest.xml:214:25-75
meta-data#android.max_aspect
ADDED from [lib.5plus.base-release.aar] AndroidManifest.xml:236:9-238:35
	android:value
		ADDED from [lib.5plus.base-release.aar] AndroidManifest.xml:238:13-32
	android:name
		ADDED from [lib.5plus.base-release.aar] AndroidManifest.xml:237:13-46
uses-permission#com.asus.msa.SupplementaryDID.ACCESS
ADDED from [msa_mdid_1.0.13.aar] AndroidManifest.xml:8:5-76
	android:name
		ADDED from [msa_mdid_1.0.13.aar] AndroidManifest.xml:8:22-73
uses-library#org.apache.http.legacy
ADDED from [webview-x5-release.aar] AndroidManifest.xml:8:9-10:40
MERGED from [weex_webview-x5-release.aar] AndroidManifest.xml:8:9-10:40
MERGED from [weex_webview-x5-release.aar] AndroidManifest.xml:8:9-10:40
	android:required
		ADDED from [webview-x5-release.aar] AndroidManifest.xml:10:13-37
	android:name